{"name": "Выход из аккаунта", "status": "broken", "statusDetails": {"message": "selenium.common.exceptions.SessionNotCreatedException: Message: session not created: This version of ChromeDriver only supports Chrome version 128\nCurrent browser version is 130.0.6723.70 with binary path C:\\Program Files (x86)\\Google\\Chrome\\Application\\chrome.exe\nStacktrace:\n\tGetHandleVerifier [0x00007FF7C4B0B632+29090]\n\t(No symbol) [0x00007FF7C4A7E6E9]\n\t(No symbol) [0x00007FF7C493B1CA]\n\t(No symbol) [0x00007FF7C497D6B2]\n\t(No symbol) [0x00007FF7C497C751]\n\t(No symbol) [0x00007FF7C497729C]\n\t(No symbol) [0x00007FF7C4971E0A]\n\t(No symbol) [0x00007FF7C49C236D]\n\t(No symbol) [0x00007FF7C49C1A20]\n\t(No symbol) [0x00007FF7C49B6493]\n\t(No symbol) [0x00007FF7C49809B1]\n\t(No symbol) [0x00007FF7C4981B11]\n\tGetHandleVerifier [0x00007FF7C4E2883D+3294125]\n\tGetHandleVerifier [0x00007FF7C4E74423+3604371]\n\tGetHandleVerifier [0x00007FF7C4E6A2E7+3563095]\n\tGetHandleVerifier [0x00007FF7C4BC6F16+797318]\n\t(No symbol) [0x00007FF7C4A8986F]\n\t(No symbol) [0x00007FF7C4A85454]\n\t(No symbol) [0x00007FF7C4A855E0]\n\t(No symbol) [0x00007FF7C4A74A7F]\n\tBaseThreadInitThunk [0x00007FFA7EE87374+20]\n\tRtlUserThreadStart [0x00007FFA7F21CC91+33]", "trace": "request = <SubRequest 'driver' for <Function test_exit_account[chrome]>>\n\n    @pytest.fixture(params=['firefox', 'chrome'])\n    def driver(request):\n        browser = None\n    \n        if request.param == 'firefox':\n            browser = webdriver.Firefox()\n            browser.get(urls.BASE_PAGE)\n        elif request.param == 'chrome':\n>           browser = webdriver.Chrome()\n\nconftest.py:24: \n_ _ _ _ _ _ _ _ _ _ _ _ _ _ _ _ _ _ _ _ _ _ _ _ _ _ _ _ _ _ _ _ _ _ _ _ _ _ _ _ _ _ _ _ _ _ _ _ _ _ _ _ _ _ _ _ _ _ _ _ _ _ _ _ _ _ _ _ _ _ _ _ _ _ _ _ _ _ _ _ _ _ _ _ _ _ _ _ _ _\n..\\..\\..\\AppData\\Local\\Programs\\Python\\Python311\\Lib\\site-packages\\selenium\\webdriver\\chrome\\webdriver.py:45: in __init__\n    super().__init__(\n..\\..\\..\\AppData\\Local\\Programs\\Python\\Python311\\Lib\\site-packages\\selenium\\webdriver\\chromium\\webdriver.py:66: in __init__\n    super().__init__(command_executor=executor, options=options)\n..\\..\\..\\AppData\\Local\\Programs\\Python\\Python311\\Lib\\site-packages\\selenium\\webdriver\\remote\\webdriver.py:212: in __init__\n    self.start_session(capabilities)\n..\\..\\..\\AppData\\Local\\Programs\\Python\\Python311\\Lib\\site-packages\\selenium\\webdriver\\remote\\webdriver.py:299: in start_session\n    response = self.execute(Command.NEW_SESSION, caps)[\"value\"]\n..\\..\\..\\AppData\\Local\\Programs\\Python\\Python311\\Lib\\site-packages\\selenium\\webdriver\\remote\\webdriver.py:354: in execute\n    self.error_handler.check_response(response)\n_ _ _ _ _ _ _ _ _ _ _ _ _ _ _ _ _ _ _ _ _ _ _ _ _ _ _ _ _ _ _ _ _ _ _ _ _ _ _ _ _ _ _ _ _ _ _ _ _ _ _ _ _ _ _ _ _ _ _ _ _ _ _ _ _ _ _ _ _ _ _ _ _ _ _ _ _ _ _ _ _ _ _ _ _ _ _ _ _ _\n\nself = <selenium.webdriver.remote.errorhandler.ErrorHandler object at 0x0000017190262610>\nresponse = {'status': 500, 'value': '{\"value\":{\"error\":\"session not created\",\"message\":\"session not created: This version of Chro...07FF7C4A74A7F]\\\\n\\\\tBaseThreadInitThunk [0x00007FFA7EE87374+20]\\\\n\\\\tRtlUserThreadStart [0x00007FFA7F21CC91+33]\\\\n\"}}'}\n\n    def check_response(self, response: Dict[str, Any]) -> None:\n        \"\"\"Checks that a JSON response from the WebDriver does not have an\n        error.\n    \n        :Args:\n         - response - The JSON response from the WebDriver server as a dictionary\n           object.\n    \n        :Raises: If the response contains an error message.\n        \"\"\"\n        status = response.get(\"status\", None)\n        if not status or status == ErrorCode.SUCCESS:\n            return\n        value = None\n        message = response.get(\"message\", \"\")\n        screen: str = response.get(\"screen\", \"\")\n        stacktrace = None\n        if isinstance(status, int):\n            value_json = response.get(\"value\", None)\n            if value_json and isinstance(value_json, str):\n                import json\n    \n                try:\n                    value = json.loads(value_json)\n                    if len(value) == 1:\n                        value = value[\"value\"]\n                    status = value.get(\"error\", None)\n                    if not status:\n                        status = value.get(\"status\", ErrorCode.UNKNOWN_ERROR)\n                        message = value.get(\"value\") or value.get(\"message\")\n                        if not isinstance(message, str):\n                            value = message\n                            message = message.get(\"message\")\n                    else:\n                        message = value.get(\"message\", None)\n                except ValueError:\n                    pass\n    \n        exception_class: Type[WebDriverException]\n        e = ErrorCode()\n        error_codes = [item for item in dir(e) if not item.startswith(\"__\")]\n        for error_code in error_codes:\n            error_info = getattr(ErrorCode, error_code)\n            if isinstance(error_info, list) and status in error_info:\n                exception_class = getattr(ExceptionMapping, error_code, WebDriverException)\n                break\n        else:\n            exception_class = WebDriverException\n    \n        if not value:\n            value = response[\"value\"]\n        if isinstance(value, str):\n            raise exception_class(value)\n        if message == \"\" and \"message\" in value:\n            message = value[\"message\"]\n    \n        screen = None  # type: ignore[assignment]\n        if \"screen\" in value:\n            screen = value[\"screen\"]\n    \n        stacktrace = None\n        st_value = value.get(\"stackTrace\") or value.get(\"stacktrace\")\n        if st_value:\n            if isinstance(st_value, str):\n                stacktrace = st_value.split(\"\\n\")\n            else:\n                stacktrace = []\n                try:\n                    for frame in st_value:\n                        line = frame.get(\"lineNumber\", \"\")\n                        file = frame.get(\"fileName\", \"<anonymous>\")\n                        if line:\n                            file = f\"{file}:{line}\"\n                        meth = frame.get(\"methodName\", \"<anonymous>\")\n                        if \"className\" in frame:\n                            meth = f\"{frame['className']}.{meth}\"\n                        msg = \"    at %s (%s)\"\n                        msg = msg % (meth, file)\n                        stacktrace.append(msg)\n                except TypeError:\n                    pass\n        if exception_class == UnexpectedAlertPresentException:\n            alert_text = None\n            if \"data\" in value:\n                alert_text = value[\"data\"].get(\"text\")\n            elif \"alert\" in value:\n                alert_text = value[\"alert\"].get(\"text\")\n            raise exception_class(message, screen, stacktrace, alert_text)  # type: ignore[call-arg]  # mypy is not smart enough here\n>       raise exception_class(message, screen, stacktrace)\nE       selenium.common.exceptions.SessionNotCreatedException: Message: session not created: This version of ChromeDriver only supports Chrome version 128\nE       Current browser version is 130.0.6723.70 with binary path C:\\Program Files (x86)\\Google\\Chrome\\Application\\chrome.exe\nE       Stacktrace:\nE       \tGetHandleVerifier [0x00007FF7C4B0B632+29090]\nE       \t(No symbol) [0x00007FF7C4A7E6E9]\nE       \t(No symbol) [0x00007FF7C493B1CA]\nE       \t(No symbol) [0x00007FF7C497D6B2]\nE       \t(No symbol) [0x00007FF7C497C751]\nE       \t(No symbol) [0x00007FF7C497729C]\nE       \t(No symbol) [0x00007FF7C4971E0A]\nE       \t(No symbol) [0x00007FF7C49C236D]\nE       \t(No symbol) [0x00007FF7C49C1A20]\nE       \t(No symbol) [0x00007FF7C49B6493]\nE       \t(No symbol) [0x00007FF7C49809B1]\nE       \t(No symbol) [0x00007FF7C4981B11]\nE       \tGetHandleVerifier [0x00007FF7C4E2883D+3294125]\nE       \tGetHandleVerifier [0x00007FF7C4E74423+3604371]\nE       \tGetHandleVerifier [0x00007FF7C4E6A2E7+3563095]\nE       \tGetHandleVerifier [0x00007FF7C4BC6F16+797318]\nE       \t(No symbol) [0x00007FF7C4A8986F]\nE       \t(No symbol) [0x00007FF7C4A85454]\nE       \t(No symbol) [0x00007FF7C4A855E0]\nE       \t(No symbol) [0x00007FF7C4A74A7F]\nE       \tBaseThreadInitThunk [0x00007FFA7EE87374+20]\nE       \tRtlUserThreadStart [0x00007FFA7F21CC91+33]\n\n..\\..\\..\\AppData\\Local\\Programs\\Python\\Python311\\Lib\\site-packages\\selenium\\webdriver\\remote\\errorhandler.py:229: SessionNotCreatedException"}, "attachments": [{"name": "log", "source": "bb82aa2d-6756-4209-8449-0495cfa746ff-attachment.txt", "type": "text/plain"}], "parameters": [{"name": "driver", "value": "'chrome'"}], "start": 1730211567136, "stop": 1730211567136, "uuid": "d6140ba3-1192-4764-bdbb-d615fa7dd821", "historyId": "5f8e59a2b475fb8de0c1ea3f11671ae0", "testCaseId": "fc85ab651af53d4fe258da2b9ab0c178", "fullName": "tests.test_personal_account.TestPersonalAccount#test_exit_account", "labels": [{"name": "parentSuite", "value": "tests"}, {"name": "suite", "value": "test_personal_account"}, {"name": "subSuite", "value": "TestPersonalAccount"}, {"name": "host", "value": "MSI"}, {"name": "thread", "value": "1644-MainThread"}, {"name": "framework", "value": "pytest"}, {"name": "language", "value": "cpython3"}, {"name": "package", "value": "tests.test_personal_account"}]}