{"name": "После оформления заказа его номер появляется в разделе \"В работе\"", "status": "broken", "statusDetails": {"message": "selenium.common.exceptions.TimeoutException: Message:", "trace": "self = <test_order_feed.TestOrdersFeed object at 0x00000216ACE40DD0>, personal_account = <function personal_account at 0x00000216ACE9D6C0>\nmain_page = <pages.main_page.MainPage object at 0x00000216AD4FE790>, order_feed_page = <pages.feed_page.FeedPage object at 0x00000216AD31D8D0>\n\n    @allure.title('После оформления заказа его номер появляется в разделе \"В работе\"')\n    def test_add_order_order_in_progress(self, personal_account, main_page, order_feed_page):\n>       main_page.wait_element_invisibility_of_element(10, MainPageLocators.ELEMENT)\n\ntests\\test_order_feed.py:67: \n_ _ _ _ _ _ _ _ _ _ _ _ _ _ _ _ _ _ _ _ _ _ _ _ _ _ _ _ _ _ _ _ _ _ _ _ _ _ _ _ _ _ _ _ _ _ _ _ _ _ _ _ _ _ _ _ _ _ _ _ _ _ _ _ _ _ _ _ _ _ _ _ _ _ _ _ _ _ _ _ _ _ _ _ _ _ _ _ _ _\npages\\base_page.py:27: in wait_element_invisibility_of_element\n    WebDriverWait(self.driver, timeout).until(expected_conditions.invisibility_of_element_located(locator))\n_ _ _ _ _ _ _ _ _ _ _ _ _ _ _ _ _ _ _ _ _ _ _ _ _ _ _ _ _ _ _ _ _ _ _ _ _ _ _ _ _ _ _ _ _ _ _ _ _ _ _ _ _ _ _ _ _ _ _ _ _ _ _ _ _ _ _ _ _ _ _ _ _ _ _ _ _ _ _ _ _ _ _ _ _ _ _ _ _ _\n\nself = <selenium.webdriver.support.wait.WebDriverWait (session=\"89c2d4af-e735-45a6-930b-ebd8cc9588f2\")>\nmethod = <function invisibility_of_element_located.<locals>._predicate at 0x00000216AD39D120>, message = ''\n\n    def until(self, method: Callable[[D], Union[Literal[False], T]], message: str = \"\") -> T:\n        \"\"\"Calls the method provided with the driver as an argument until the \\\n        return value does not evaluate to ``False``.\n    \n        :param method: callable(WebDriver)\n        :param message: optional message for :exc:`TimeoutException`\n        :returns: the result of the last call to `method`\n        :raises: :exc:`selenium.common.exceptions.TimeoutException` if timeout occurs\n        \"\"\"\n        screen = None\n        stacktrace = None\n    \n        end_time = time.monotonic() + self._timeout\n        while True:\n            try:\n                value = method(self._driver)\n                if value:\n                    return value\n            except self._ignored_exceptions as exc:\n                screen = getattr(exc, \"screen\", None)\n                stacktrace = getattr(exc, \"stacktrace\", None)\n            time.sleep(self._poll)\n            if time.monotonic() > end_time:\n                break\n>       raise TimeoutException(message, screen, stacktrace)\nE       selenium.common.exceptions.TimeoutException: Message:\n\n..\\..\\..\\AppData\\Local\\Programs\\Python\\Python311\\Lib\\site-packages\\selenium\\webdriver\\support\\wait.py:105: TimeoutException"}, "steps": [{"name": "Ожидание исчезновения элемента", "status": "broken", "statusDetails": {"message": "selenium.common.exceptions.TimeoutException: Message: \n\n", "trace": "  File \"C:\\Users\\Влада\\AppData\\Local\\Programs\\Python\\Python311\\Lib\\site-packages\\allure_commons\\_allure.py\", line 192, in impl\n    return func(*a, **kw)\n           ^^^^^^^^^^^^^^\n  File \"C:\\Users\\Влада\\Desktop\\Diplom\\Diplom_3\\pages\\base_page.py\", line 27, in wait_element_invisibility_of_element\n    WebDriverWait(self.driver, timeout).until(expected_conditions.invisibility_of_element_located(locator))\n  File \"C:\\Users\\Влада\\AppData\\Local\\Programs\\Python\\Python311\\Lib\\site-packages\\selenium\\webdriver\\support\\wait.py\", line 105, in until\n    raise TimeoutException(message, screen, stacktrace)\n"}, "parameters": [{"name": "timeout", "value": "10"}, {"name": "locator", "value": "('xpath', './/div[@class= \"Modal_modal_overlay__x2ZCr\"]/parent::div')"}], "start": 1730212524592, "stop": 1730212535029}], "parameters": [{"name": "driver", "value": "'firefox'"}], "start": 1730212524592, "stop": 1730212535033, "uuid": "ff9c70d6-22d1-45a5-8bf0-83335703e2ca", "historyId": "4cdd8e68d977cecef347fbc65e9fd961", "testCaseId": "d108091649941d197ceef5498a4c233c", "fullName": "tests.test_order_feed.TestOrdersFeed#test_add_order_order_in_progress", "labels": [{"name": "parentSuite", "value": "tests"}, {"name": "suite", "value": "test_order_feed"}, {"name": "subSuite", "value": "TestOrdersFeed"}, {"name": "host", "value": "MSI"}, {"name": "thread", "value": "1220-MainThread"}, {"name": "framework", "value": "pytest"}, {"name": "language", "value": "cpython3"}, {"name": "package", "value": "tests.test_order_feed"}]}