{"name": "Ввод почты и клик по кнопке \"Восстановить\"", "status": "broken", "statusDetails": {"message": "selenium.common.exceptions.TimeoutException: Message:", "trace": "self = <test_password_recovery.TestPasswordRecovery object at 0x0000026D3687C750>, main_page = <pages.main_page.MainPage object at 0x0000026D36E47450>\nentrance_page = <pages.entrance_page.EntrancePage object at 0x0000026D36E45D90>, recovery_page = <pages.recovery_password_page.RecoveryPasswordPage object at 0x0000026D36E44490>\nregistration_user = ['Bearer eyJhbGciOiJIUzI1NiIsInR5cCI6IkpXVCJ9.eyJpZCI6IjY3MWU2OTcxOWVkMjgwMDAxYjRmN2RjMCIsImlhdCI6MTczMDA0NjMyMSwiZXhwIjoxNzMwMDQ3NTIxfQ.Mtod1BD7NSnhxwLny8GglEm2cdSI8RIAc7t8of4eNXo', 'hwright@yandex.ru', '3@4lO*e', 'colemanlarry']\nreset_page = <pages.reset_password_page.ResetPasswordPage object at 0x0000026D36E47A10>\n\n    @allure.title('Ввод почты и клик по кнопке \"Восстановить\"')\n    def test_enter_email_and_click_button(self, main_page, entrance_page, recovery_page, registration_user, reset_page):\n>       main_page.wait_element_invisibility_of_element(10, MainPageLocators.ELEMENT)\n\ntests\\test_password_recovery.py:21: \n_ _ _ _ _ _ _ _ _ _ _ _ _ _ _ _ _ _ _ _ _ _ _ _ _ _ _ _ _ _ _ _ _ _ _ _ _ _ _ _ _ _ _ _ _ _ _ _ _ _ _ _ _ _ _ _ _ _ _ _ _ _ _ _ _ _ _ _ _ _ _ _ _ _ _ _ _ _ _ _ _ _ _ _ _ _ _ _ _ _\npages\\base_page.py:27: in wait_element_invisibility_of_element\n    WebDriverWait(self.driver, timeout).until(expected_conditions.invisibility_of_element_located(locator))\n_ _ _ _ _ _ _ _ _ _ _ _ _ _ _ _ _ _ _ _ _ _ _ _ _ _ _ _ _ _ _ _ _ _ _ _ _ _ _ _ _ _ _ _ _ _ _ _ _ _ _ _ _ _ _ _ _ _ _ _ _ _ _ _ _ _ _ _ _ _ _ _ _ _ _ _ _ _ _ _ _ _ _ _ _ _ _ _ _ _\n\nself = <selenium.webdriver.support.wait.WebDriverWait (session=\"a2eeb1ae-5ca4-42ee-8bf1-ce2c6c3e489c\")>\nmethod = <function invisibility_of_element_located.<locals>._predicate at 0x0000026D36D51E40>, message = ''\n\n    def until(self, method: Callable[[D], Union[Literal[False], T]], message: str = \"\") -> T:\n        \"\"\"Calls the method provided with the driver as an argument until the \\\n        return value does not evaluate to ``False``.\n    \n        :param method: callable(WebDriver)\n        :param message: optional message for :exc:`TimeoutException`\n        :returns: the result of the last call to `method`\n        :raises: :exc:`selenium.common.exceptions.TimeoutException` if timeout occurs\n        \"\"\"\n        screen = None\n        stacktrace = None\n    \n        end_time = time.monotonic() + self._timeout\n        while True:\n            try:\n                value = method(self._driver)\n                if value:\n                    return value\n            except self._ignored_exceptions as exc:\n                screen = getattr(exc, \"screen\", None)\n                stacktrace = getattr(exc, \"stacktrace\", None)\n            time.sleep(self._poll)\n            if time.monotonic() > end_time:\n                break\n>       raise TimeoutException(message, screen, stacktrace)\nE       selenium.common.exceptions.TimeoutException: Message:\n\n..\\..\\..\\AppData\\Local\\Programs\\Python\\Python311\\Lib\\site-packages\\selenium\\webdriver\\support\\wait.py:105: TimeoutException"}, "steps": [{"name": "Ожидание исчезновения элемента", "status": "broken", "statusDetails": {"message": "selenium.common.exceptions.TimeoutException: Message: \n\n", "trace": "  File \"C:\\Users\\Влада\\AppData\\Local\\Programs\\Python\\Python311\\Lib\\site-packages\\allure_commons\\_allure.py\", line 192, in impl\n    return func(*a, **kw)\n           ^^^^^^^^^^^^^^\n  File \"C:\\Users\\Влада\\Desktop\\Diplom\\Diplom_3\\pages\\base_page.py\", line 27, in wait_element_invisibility_of_element\n    WebDriverWait(self.driver, timeout).until(expected_conditions.invisibility_of_element_located(locator))\n  File \"C:\\Users\\Влада\\AppData\\Local\\Programs\\Python\\Python311\\Lib\\site-packages\\selenium\\webdriver\\support\\wait.py\", line 105, in until\n    raise TimeoutException(message, screen, stacktrace)\n"}, "parameters": [{"name": "timeout", "value": "10"}, {"name": "locator", "value": "('xpath', './/div[@class= \"Modal_modal_overlay__x2ZCr\"]/parent::div')"}], "start": 1730046322117, "stop": 1730046332167}], "parameters": [{"name": "driver", "value": "'firefox'"}], "start": 1730046322117, "stop": 1730046332172, "uuid": "fc2287cd-916c-46ce-a0f8-2cd20fa464c3", "historyId": "8878d57e7594f27883130251006a0caf", "testCaseId": "fcf9afac07e7783ede09a667846f2530", "fullName": "tests.test_password_recovery.TestPasswordRecovery#test_enter_email_and_click_button", "labels": [{"name": "parentSuite", "value": "tests"}, {"name": "suite", "value": "test_password_recovery"}, {"name": "subSuite", "value": "TestPasswordRecovery"}, {"name": "host", "value": "MSI"}, {"name": "thread", "value": "10380-MainThread"}, {"name": "framework", "value": "pytest"}, {"name": "language", "value": "cpython3"}, {"name": "package", "value": "tests.test_password_recovery"}]}