{"name": "Клик на крестик - закрыть всплывающее окно", "status": "broken", "statusDetails": {"message": "selenium.common.exceptions.TimeoutException: Message:", "trace": "self = <test_checking_the_main_functionality.TestCheckingTheMainFunctionality object at 0x000001A13AB71B50>, main_page = <pages.main_page.MainPage object at 0x000001A13AB35790>\n\n    @allure.title('Клик на крестик - закрыть всплывающее окно')\n    def test_window_ingredient_close_tap_cross(self, main_page):\n>       main_page.wait_element_invisibility_of_element(10, MainPageLocators.ELEMENT)\n\ntests\\test_checking_the_main_functionality.py:31: \n_ _ _ _ _ _ _ _ _ _ _ _ _ _ _ _ _ _ _ _ _ _ _ _ _ _ _ _ _ _ _ _ _ _ _ _ _ _ _ _ _ _ _ _ _ _ _ _ _ _ _ _ _ _ _ _ _ _ _ _ _ _ _ _ _ _ _ _ _ _ _ _ _ _ _ _ _ _ _ _ _ _ _ _ _ _ _ _ _ _\npages\\base_page.py:27: in wait_element_invisibility_of_element\n    WebDriverWait(self.driver, timeout).until(expected_conditions.invisibility_of_element_located(locator))\n_ _ _ _ _ _ _ _ _ _ _ _ _ _ _ _ _ _ _ _ _ _ _ _ _ _ _ _ _ _ _ _ _ _ _ _ _ _ _ _ _ _ _ _ _ _ _ _ _ _ _ _ _ _ _ _ _ _ _ _ _ _ _ _ _ _ _ _ _ _ _ _ _ _ _ _ _ _ _ _ _ _ _ _ _ _ _ _ _ _\n\nself = <selenium.webdriver.support.wait.WebDriverWait (session=\"9c4c6772-f81e-40dd-988c-cb5d5d17dec8\")>\nmethod = <function invisibility_of_element_located.<locals>._predicate at 0x000001A13AB794E0>, message = ''\n\n    def until(self, method: Callable[[D], Union[Literal[False], T]], message: str = \"\") -> T:\n        \"\"\"Calls the method provided with the driver as an argument until the \\\n        return value does not evaluate to ``False``.\n    \n        :param method: callable(WebDriver)\n        :param message: optional message for :exc:`TimeoutException`\n        :returns: the result of the last call to `method`\n        :raises: :exc:`selenium.common.exceptions.TimeoutException` if timeout occurs\n        \"\"\"\n        screen = None\n        stacktrace = None\n    \n        end_time = time.monotonic() + self._timeout\n        while True:\n            try:\n                value = method(self._driver)\n                if value:\n                    return value\n            except self._ignored_exceptions as exc:\n                screen = getattr(exc, \"screen\", None)\n                stacktrace = getattr(exc, \"stacktrace\", None)\n            time.sleep(self._poll)\n            if time.monotonic() > end_time:\n                break\n>       raise TimeoutException(message, screen, stacktrace)\nE       selenium.common.exceptions.TimeoutException: Message:\n\n..\\..\\..\\AppData\\Local\\Programs\\Python\\Python311\\Lib\\site-packages\\selenium\\webdriver\\support\\wait.py:105: TimeoutException"}, "steps": [{"name": "Ожидание исчезновения элемента", "status": "broken", "statusDetails": {"message": "selenium.common.exceptions.TimeoutException: Message: \n\n", "trace": "  File \"C:\\Users\\Влада\\AppData\\Local\\Programs\\Python\\Python311\\Lib\\site-packages\\allure_commons\\_allure.py\", line 192, in impl\n    return func(*a, **kw)\n           ^^^^^^^^^^^^^^\n  File \"C:\\Users\\Влада\\Desktop\\Diplom\\Diplom_3\\pages\\base_page.py\", line 27, in wait_element_invisibility_of_element\n    WebDriverWait(self.driver, timeout).until(expected_conditions.invisibility_of_element_located(locator))\n  File \"C:\\Users\\Влада\\AppData\\Local\\Programs\\Python\\Python311\\Lib\\site-packages\\selenium\\webdriver\\support\\wait.py\", line 105, in until\n    raise TimeoutException(message, screen, stacktrace)\n"}, "parameters": [{"name": "timeout", "value": "10"}, {"name": "locator", "value": "('xpath', './/div[@class= \"Modal_modal_overlay__x2ZCr\"]/parent::div')"}], "start": 1730215409522, "stop": 1730215419637}], "parameters": [{"name": "driver", "value": "'firefox'"}], "start": 1730215409522, "stop": 1730215419642, "uuid": "c830aba0-5480-4930-a6f1-88faa5d1db4c", "historyId": "92a78c16cc389dd50f1679d84410867f", "testCaseId": "03d57ae02ace91170b783fc7b30e52bc", "fullName": "tests.test_checking_the_main_functionality.TestCheckingTheMainFunctionality#test_window_ingredient_close_tap_cross", "labels": [{"name": "parentSuite", "value": "tests"}, {"name": "suite", "value": "test_checking_the_main_functionality"}, {"name": "subSuite", "value": "TestCheckingTheMainFunctionality"}, {"name": "host", "value": "MSI"}, {"name": "thread", "value": "16036-MainThread"}, {"name": "framework", "value": "pytest"}, {"name": "language", "value": "cpython3"}, {"name": "package", "value": "tests.test_checking_the_main_functionality"}]}