{"name": "Ввод почты и клик по кнопке \"Восстановить\"", "status": "broken", "statusDetails": {"message": "selenium.common.exceptions.SessionNotCreatedException: Message: session not created: This version of ChromeDriver only supports Chrome version 128\nCurrent browser version is 130.0.6723.70 with binary path C:\\Program Files (x86)\\Google\\Chrome\\Application\\chrome.exe\nStacktrace:\n\tGetHandleVerifier [0x00007FF661AEB632+29090]\n\t(No symbol) [0x00007FF661A5E6E9]\n\t(No symbol) [0x00007FF66191B1CA]\n\t(No symbol) [0x00007FF66195D6B2]\n\t(No symbol) [0x00007FF66195C751]\n\t(No symbol) [0x00007FF66195729C]\n\t(No symbol) [0x00007FF661951E0A]\n\t(No symbol) [0x00007FF6619A236D]\n\t(No symbol) [0x00007FF6619A1A20]\n\t(No symbol) [0x00007FF661996493]\n\t(No symbol) [0x00007FF6619609B1]\n\t(No symbol) [0x00007FF661961B11]\n\tGetHandleVerifier [0x00007FF661E0883D+3294125]\n\tGetHandleVerifier [0x00007FF661E54423+3604371]\n\tGetHandleVerifier [0x00007FF661E4A2E7+3563095]\n\tGetHandleVerifier [0x00007FF661BA6F16+797318]\n\t(No symbol) [0x00007FF661A6986F]\n\t(No symbol) [0x00007FF661A65454]\n\t(No symbol) [0x00007FF661A655E0]\n\t(No symbol) [0x00007FF661A54A7F]\n\tBaseThreadInitThunk [0x00007FFAE9557374+20]\n\tRtlUserThreadStart [0x00007FFAE9FFCC91+33]", "trace": "request = <SubRequest 'driver' for <Function test_enter_email_and_click_button[chrome]>>\n\n    @pytest.fixture(params=['firefox', 'chrome'])\n    def driver(request):\n        browser = None\n    \n        if request.param == 'firefox':\n            browser = webdriver.Firefox()\n            browser.get(urls.BASE_PAGE)\n        elif request.param == 'chrome':\n>           browser = webdriver.Chrome()\n\nconftest.py:24: \n_ _ _ _ _ _ _ _ _ _ _ _ _ _ _ _ _ _ _ _ _ _ _ _ _ _ _ _ _ _ _ _ _ _ _ _ _ _ _ _ _ _ _ _ _ _ _ _ _ _ _ _ _ _ _ _ _ _ _ _ _ _ _ _ _ _ _ _ _ _ _ _ _ _ _ _ _ _ _ _ _ _ _ _ _ _ _ _ _ _\n..\\..\\..\\AppData\\Local\\Programs\\Python\\Python311\\Lib\\site-packages\\selenium\\webdriver\\chrome\\webdriver.py:45: in __init__\n    super().__init__(\n..\\..\\..\\AppData\\Local\\Programs\\Python\\Python311\\Lib\\site-packages\\selenium\\webdriver\\chromium\\webdriver.py:66: in __init__\n    super().__init__(command_executor=executor, options=options)\n..\\..\\..\\AppData\\Local\\Programs\\Python\\Python311\\Lib\\site-packages\\selenium\\webdriver\\remote\\webdriver.py:212: in __init__\n    self.start_session(capabilities)\n..\\..\\..\\AppData\\Local\\Programs\\Python\\Python311\\Lib\\site-packages\\selenium\\webdriver\\remote\\webdriver.py:299: in start_session\n    response = self.execute(Command.NEW_SESSION, caps)[\"value\"]\n..\\..\\..\\AppData\\Local\\Programs\\Python\\Python311\\Lib\\site-packages\\selenium\\webdriver\\remote\\webdriver.py:354: in execute\n    self.error_handler.check_response(response)\n_ _ _ _ _ _ _ _ _ _ _ _ _ _ _ _ _ _ _ _ _ _ _ _ _ _ _ _ _ _ _ _ _ _ _ _ _ _ _ _ _ _ _ _ _ _ _ _ _ _ _ _ _ _ _ _ _ _ _ _ _ _ _ _ _ _ _ _ _ _ _ _ _ _ _ _ _ _ _ _ _ _ _ _ _ _ _ _ _ _\n\nself = <selenium.webdriver.remote.errorhandler.ErrorHandler object at 0x0000026D369D87D0>\nresponse = {'status': 500, 'value': '{\"value\":{\"error\":\"session not created\",\"message\":\"session not created: This version of Chro...07FF661A54A7F]\\\\n\\\\tBaseThreadInitThunk [0x00007FFAE9557374+20]\\\\n\\\\tRtlUserThreadStart [0x00007FFAE9FFCC91+33]\\\\n\"}}'}\n\n    def check_response(self, response: Dict[str, Any]) -> None:\n        \"\"\"Checks that a JSON response from the WebDriver does not have an\n        error.\n    \n        :Args:\n         - response - The JSON response from the WebDriver server as a dictionary\n           object.\n    \n        :Raises: If the response contains an error message.\n        \"\"\"\n        status = response.get(\"status\", None)\n        if not status or status == ErrorCode.SUCCESS:\n            return\n        value = None\n        message = response.get(\"message\", \"\")\n        screen: str = response.get(\"screen\", \"\")\n        stacktrace = None\n        if isinstance(status, int):\n            value_json = response.get(\"value\", None)\n            if value_json and isinstance(value_json, str):\n                import json\n    \n                try:\n                    value = json.loads(value_json)\n                    if len(value) == 1:\n                        value = value[\"value\"]\n                    status = value.get(\"error\", None)\n                    if not status:\n                        status = value.get(\"status\", ErrorCode.UNKNOWN_ERROR)\n                        message = value.get(\"value\") or value.get(\"message\")\n                        if not isinstance(message, str):\n                            value = message\n                            message = message.get(\"message\")\n                    else:\n                        message = value.get(\"message\", None)\n                except ValueError:\n                    pass\n    \n        exception_class: Type[WebDriverException]\n        e = ErrorCode()\n        error_codes = [item for item in dir(e) if not item.startswith(\"__\")]\n        for error_code in error_codes:\n            error_info = getattr(ErrorCode, error_code)\n            if isinstance(error_info, list) and status in error_info:\n                exception_class = getattr(ExceptionMapping, error_code, WebDriverException)\n                break\n        else:\n            exception_class = WebDriverException\n    \n        if not value:\n            value = response[\"value\"]\n        if isinstance(value, str):\n            raise exception_class(value)\n        if message == \"\" and \"message\" in value:\n            message = value[\"message\"]\n    \n        screen = None  # type: ignore[assignment]\n        if \"screen\" in value:\n            screen = value[\"screen\"]\n    \n        stacktrace = None\n        st_value = value.get(\"stackTrace\") or value.get(\"stacktrace\")\n        if st_value:\n            if isinstance(st_value, str):\n                stacktrace = st_value.split(\"\\n\")\n            else:\n                stacktrace = []\n                try:\n                    for frame in st_value:\n                        line = frame.get(\"lineNumber\", \"\")\n                        file = frame.get(\"fileName\", \"<anonymous>\")\n                        if line:\n                            file = f\"{file}:{line}\"\n                        meth = frame.get(\"methodName\", \"<anonymous>\")\n                        if \"className\" in frame:\n                            meth = f\"{frame['className']}.{meth}\"\n                        msg = \"    at %s (%s)\"\n                        msg = msg % (meth, file)\n                        stacktrace.append(msg)\n                except TypeError:\n                    pass\n        if exception_class == UnexpectedAlertPresentException:\n            alert_text = None\n            if \"data\" in value:\n                alert_text = value[\"data\"].get(\"text\")\n            elif \"alert\" in value:\n                alert_text = value[\"alert\"].get(\"text\")\n            raise exception_class(message, screen, stacktrace, alert_text)  # type: ignore[call-arg]  # mypy is not smart enough here\n>       raise exception_class(message, screen, stacktrace)\nE       selenium.common.exceptions.SessionNotCreatedException: Message: session not created: This version of ChromeDriver only supports Chrome version 128\nE       Current browser version is 130.0.6723.70 with binary path C:\\Program Files (x86)\\Google\\Chrome\\Application\\chrome.exe\nE       Stacktrace:\nE       \tGetHandleVerifier [0x00007FF661AEB632+29090]\nE       \t(No symbol) [0x00007FF661A5E6E9]\nE       \t(No symbol) [0x00007FF66191B1CA]\nE       \t(No symbol) [0x00007FF66195D6B2]\nE       \t(No symbol) [0x00007FF66195C751]\nE       \t(No symbol) [0x00007FF66195729C]\nE       \t(No symbol) [0x00007FF661951E0A]\nE       \t(No symbol) [0x00007FF6619A236D]\nE       \t(No symbol) [0x00007FF6619A1A20]\nE       \t(No symbol) [0x00007FF661996493]\nE       \t(No symbol) [0x00007FF6619609B1]\nE       \t(No symbol) [0x00007FF661961B11]\nE       \tGetHandleVerifier [0x00007FF661E0883D+3294125]\nE       \tGetHandleVerifier [0x00007FF661E54423+3604371]\nE       \tGetHandleVerifier [0x00007FF661E4A2E7+3563095]\nE       \tGetHandleVerifier [0x00007FF661BA6F16+797318]\nE       \t(No symbol) [0x00007FF661A6986F]\nE       \t(No symbol) [0x00007FF661A65454]\nE       \t(No symbol) [0x00007FF661A655E0]\nE       \t(No symbol) [0x00007FF661A54A7F]\nE       \tBaseThreadInitThunk [0x00007FFAE9557374+20]\nE       \tRtlUserThreadStart [0x00007FFAE9FFCC91+33]\n\n..\\..\\..\\AppData\\Local\\Programs\\Python\\Python311\\Lib\\site-packages\\selenium\\webdriver\\remote\\errorhandler.py:229: SessionNotCreatedException"}, "attachments": [{"name": "log", "source": "2912ca55-77fd-498d-914c-452e0b1f0e79-attachment.txt", "type": "text/plain"}], "parameters": [{"name": "driver", "value": "'chrome'"}], "start": 1730046337981, "stop": 1730046337981, "uuid": "389559c1-8b89-4011-9aae-9cdaa89f949b", "historyId": "7a15dd42a457c070b13cbe4d7f034d89", "testCaseId": "fcf9afac07e7783ede09a667846f2530", "fullName": "tests.test_password_recovery.TestPasswordRecovery#test_enter_email_and_click_button", "labels": [{"name": "parentSuite", "value": "tests"}, {"name": "suite", "value": "test_password_recovery"}, {"name": "subSuite", "value": "TestPasswordRecovery"}, {"name": "host", "value": "MSI"}, {"name": "thread", "value": "10380-MainThread"}, {"name": "framework", "value": "pytest"}, {"name": "language", "value": "cpython3"}, {"name": "package", "value": "tests.test_password_recovery"}]}